<?xml version="1.0" encoding="UTF-8"?>
<testng-results skipped="0" failed="0" ignored="0" total="1" passed="1">
  <reporter-output>
  </reporter-output>
  <suite name="DefSuite" duration-ms="291018" started-at="2022-12-12T10:35:13 EET" finished-at="2022-12-12T10:40:04 EET">
    <groups>
      <group name="cucumber">
        <method signature="Runner.runScenario(io.cucumber.testng.PickleEventWrapper, io.cucumber.testng.CucumberFeatureWrapper)[pri:0, instance:com.project.runners.Runner@6b53e23f]" name="runScenario" class="com.project.runners.Runner"/>
      </group> <!-- cucumber -->
    </groups>
    <test name="Test" duration-ms="291018" started-at="2022-12-12T10:35:13 EET" finished-at="2022-12-12T10:40:04 EET">
      <class name="com.project.runners.Runner">
        <test-method status="PASS" signature="setUpClass()[pri:0, instance:com.project.runners.Runner@6b53e23f]" name="setUpClass" is-config="true" duration-ms="474" started-at="2022-12-12T10:35:13 EET" finished-at="2022-12-12T10:35:14 EET">
          <reporter-output>
          </reporter-output>
        </test-method> <!-- setUpClass -->
        <test-method status="PASS" signature="setup(java.lang.String)[pri:0, instance:com.project.runners.Runner@6b53e23f]" name="setup" is-config="true" duration-ms="4268" started-at="2022-12-12T10:35:14 EET" finished-at="2022-12-12T10:35:18 EET">
          <params>
            <param index="0">
              <value>
                <![CDATA[chrome]]>
              </value>
            </param>
          </params>
          <reporter-output>
          </reporter-output>
        </test-method> <!-- setup -->
        <test-method status="PASS" signature="runScenario(io.cucumber.testng.PickleEventWrapper, io.cucumber.testng.CucumberFeatureWrapper)[pri:0, instance:com.project.runners.Runner@6b53e23f]" name="runScenario" duration-ms="284412" started-at="2022-12-12T10:35:18 EET" description="Runs Cucumber Feature" data-provider="features" finished-at="2022-12-12T10:40:03 EET">
          <params>
            <param index="0">
              <value>
                <![CDATA["İstenen Numarayla Farklı Adrese Teslim NL Başvuru"]]>
              </value>
            </param>
            <param index="1">
              <value>
                <![CDATA["CBU_C2D"]]>
              </value>
            </param>
          </params>
          <reporter-output>
          </reporter-output>
        </test-method> <!-- runScenario -->
        <test-method status="PASS" signature="teardown()[pri:0, instance:com.project.runners.Runner@6b53e23f]" name="teardown" is-config="true" duration-ms="991" started-at="2022-12-12T10:40:03 EET" finished-at="2022-12-12T10:40:04 EET">
          <reporter-output>
          </reporter-output>
        </test-method> <!-- teardown -->
        <test-method status="PASS" signature="tearDownClass()[pri:0, instance:com.project.runners.Runner@6b53e23f]" name="tearDownClass" is-config="true" duration-ms="749" started-at="2022-12-12T10:40:04 EET" finished-at="2022-12-12T10:40:04 EET">
          <reporter-output>
          </reporter-output>
        </test-method> <!-- tearDownClass -->
      </class> <!-- com.project.runners.Runner -->
    </test> <!-- Test -->
  </suite> <!-- DefSuite -->
</testng-results>
