<?xml version="1.0" encoding="UTF-8"?>
<!-- Generated by org.testng.reporters.JUnitReportReporter -->
<testsuite skipped="0" hostname="GML3LVALIZADA" name="com.project.runners.Runner" tests="1" failures="1" timestamp="2022-12-12T09:59:27 EET" time="111.971" errors="0">
  <testcase name="runScenario" time="111.971" classname="com.project.runners.Runner">
    <failure type="java.lang.AssertionError" message="Element not found : degistir button">
      <![CDATA[java.lang.AssertionError: Element not found : degistir button
at org.testng.Assert.fail(Assert.java:97)
at base.CommonLib.findElement(CommonLib.java:328)
at base.CommonLib.waitElement(CommonLib.java:351)
at com.project.stepdefs.Stepdefs.waitElement(Stepdefs.java:166)
at ✽.I wait degistir button element 20 seconds at index 2(file:src/test/features/CBU_C2D.feature:250)
]]>
    </failure>
  </testcase> <!-- runScenario -->
  <system-out/>
</testsuite> <!-- com.project.runners.Runner -->
