<?xml version="1.0" encoding="UTF-8"?>
<!-- Generated by org.testng.reporters.JUnitXMLReporter -->
<testsuite hostname="GMLMAULUCA" ignored="0" name="Test" tests="1" failures="1" timestamp="2022-12-16T16:51:48 EET" time="262.445" errors="0">
  <testcase name="runScenario" time="257.651" classname="com.project.runners.Runner">
    <failure type="java.lang.AssertionError" message="Waiting element is not found!">
      <![CDATA[java.lang.AssertionError: Waiting element is not found!
at api.base.CommonLib.waitElement(CommonLib.java:370)
at com.project.stepdefs.Stepdefs.waitElement(Stepdefs.java:193)
at ✽.I wait bill fatih element 10 seconds at index 1(file:src/test/features/CBU_C2D.feature:1280)
... Removed 1 stack frames]]>
    </failure>
  </testcase> <!-- runScenario -->
</testsuite> <!-- Test -->
