<?xml version="1.0" encoding="UTF-8"?>
<!-- Generated by org.testng.reporters.JUnitXMLReporter -->
<testsuite hostname="GML3LVALIZADA" ignored="0" name="Test" tests="1" failures="1" timestamp="2022-12-12T09:59:27 EET" time="112.607" errors="0">
  <testcase name="runScenario" time="108.792" classname="com.project.runners.Runner">
    <failure type="java.lang.AssertionError" message="Element not found : degistir button">
      <![CDATA[java.lang.AssertionError: Element not found : degistir button
at base.CommonLib.findElement(CommonLib.java:328)
at base.CommonLib.waitElement(CommonLib.java:351)
at com.project.stepdefs.Stepdefs.waitElement(Stepdefs.java:166)
at ✽.I wait degistir button element 20 seconds at index 2(file:src/test/features/CBU_C2D.feature:250)
... Removed 1 stack frames]]>
    </failure>
  </testcase> <!-- runScenario -->
</testsuite> <!-- Test -->
